Reading netlist file: "D:\FPGA_contest\FPGA\fpga_project\impl\gwsynthesis\fpga_project.vg"
Parsing netlist file "D:\FPGA_contest\FPGA\fpga_project\impl\gwsynthesis\fpga_project.vg" completed
Processing netlist completed
Reading constraint file: "D:\FPGA_contest\FPGA\fpga_project\src\kiwi_1p5.cst"
Physical Constraint parsed completed
Running placement......
[10%] Placement Phase 0 completed
[20%] Placement Phase 1 completed
[30%] Placement Phase 2 completed
WARN  (TA1132) :  'clk_27m' was determined to be a clock but was not created.
[50%] Placement Phase 3 completed
Running routing......
[60%] Routing Phase 0 completed
[70%] Routing Phase 1 completed
[80%] Routing Phase 2 completed
[90%] Routing Phase 3 completed
Running timing analysis......
[95%] Timing analysis completed
Placement and routing completed
Bitstream generation in progress......
Bitstream generation completed
Running power analysis......
[100%] Power analysis completed
Generate file "D:\FPGA_contest\FPGA\fpga_project\impl\pnr\fpga_project.power.html" completed
Generate file "D:\FPGA_contest\FPGA\fpga_project\impl\pnr\fpga_project.pin.html" completed
Generate file "D:\FPGA_contest\FPGA\fpga_project\impl\pnr\fpga_project.rpt.html" completed
Generate file "D:\FPGA_contest\FPGA\fpga_project\impl\pnr\fpga_project.rpt.txt" completed
Generate file "D:\FPGA_contest\FPGA\fpga_project\impl\pnr\fpga_project.tr.html" completed
Fri Apr 24 14:58:17 2026

